Change Component Designator: Old Designator=C1 New Designator=C8
Change Component Designator: Old Designator=C2 New Designator=C9
Change Component Designator: Old Designator=C3 New Designator=C10
Change Component Designator: Old Designator=C4 New Designator=C12
Change Component Designator: Old Designator=C23 New Designator=C13
Change Component Designator: Old Designator=C24 New Designator=C7
Change Component Designator: Old Designator=C25 New Designator=C11
Change Component Designator: Old Designator=D1 New Designator=D3
Change Component Designator: Old Designator=D2 New Designator=D5
Change Component Designator: Old Designator=D3 New Designator=D2
Change Component Designator: Old Designator=D4 New Designator=D6
Change Component Designator: Old Designator=D6 New Designator=D1
Change Component Designator: Old Designator=D7 New Designator=D4
Change Component Designator: Old Designator=D8 New Designator=D7
Change Component Designator: Old Designator=D9 New Designator=D8
Change Component Designator: Old Designator=Q1 New Designator=Q2
Change Component Designator: Old Designator=Q2 New Designator=Q4
Change Component Designator: Old Designator=Q3 New Designator=Q1
Change Component Designator: Old Designator=Q4 New Designator=Q3
Change Component Designator: Old Designator=R32 New Designator=R8
Change Component Designator: Old Designator=R33 New Designator=R7
Change Component Designator: Old Designator=R34 New Designator=R9
Change Component Designator: Old Designator=R35 New Designator=R11
Change Component Designator: Old Designator=R36 New Designator=R12
Change Component Designator: Old Designator=R37 New Designator=R10
Change Component Designator: Old Designator=TP1 New Designator=TP7
Change Component Designator: Old Designator=TP2 New Designator=TP10
Change Component Designator: Old Designator=TP3 New Designator=TP8
Change Component Designator: Old Designator=TP4 New Designator=TP9
Change Component Designator: Old Designator=U2 New Designator=U1
