Added Pin To Net: NetName=GNDA Pin=C5-2
Added Pin To Net: NetName=GNDA Pin=C6-2
Added Pin To Net: NetName=5VA Pin=C7-1
Added Pin To Net: NetName=GNDA Pin=C7-2
Added Pin To Net: NetName=GNDA Pin=C8-1
Added Pin To Net: NetName=GNDA Pin=C26-2
Added Pin To Net: NetName=GNDA Pin=C27-1
Added Pin To Net: NetName=5VA Pin=D1-2
Added Pin To Net: NetName=GNDA Pin=D2-1
Added Pin To Net: NetName=5VA Pin=D3-2
Added Pin To Net: NetName=GNDA Pin=D4-1
Added Pin To Net: NetName=GNDA Pin=J1-A1_B12
Added Pin To Net: NetName=5VA Pin=J1-B4_A9
Added Pin To Net: NetName=GNDA Pin=MSU1-7
Added Pin To Net: NetName=5VA Pin=MSU1-9
Added Pin To Net: NetName=5VA Pin=Q1-1
Added Pin To Net: NetName=GNDA Pin=Q2-3
Added Pin To Net: NetName=5VA Pin=Q3-1
Added Pin To Net: NetName=GNDA Pin=Q4-3
Added Pin To Net: NetName=GNDA Pin=R2-2
Added Pin To Net: NetName=GNDA Pin=R3-2
Added Pin To Net: NetName=GNDA Pin=R22-2
Added Pin To Net: NetName=5VA Pin=RGB1-2
Added Pin To Net: NetName=GNDA Pin=TP2-1
Added Pin To Net: NetName=5VA Pin=U2-4
Added Pin To Net: NetName=GNDA Pin=U2-11
Added Pin To Net: NetName=5VA Pin=WtB1-1
Added Pin To Net: NetName=GNDA Pin=WtB1-6
Change Net Name : Old Net Name=GNDA New Net Name=Tx_Coil_Out
